<?xml version="1.0" encoding="UTF-8"?>
<testng-results skipped="0" failed="0" ignored="0" total="31" passed="31">
  <reporter-output>
  </reporter-output>
  <suite name="Default suite" duration-ms="280" started-at="2019-05-31T21:03:46Z" finished-at="2019-05-31T21:03:46Z">
    <groups>
    </groups>
    <test name="Default test" duration-ms="280" started-at="2019-05-31T21:03:46Z" finished-at="2019-05-31T21:03:46Z">
      <class name="BoundaryTest">
        <test-method status="PASS" signature="test(java.lang.String)[pri:0, instance:BoundaryTest@20de05e5]" name="test" duration-ms="26" started-at="2019-05-31T21:03:46Z" data-provider="provideFilenames" finished-at="2019-05-31T21:03:46Z">
          <params>
            <param index="0">
              <value>
                <![CDATA[10]]>
              </value>
            </param>
          </params>
          <reporter-output>
          </reporter-output>
        </test-method> <!-- test -->
        <test-method status="PASS" signature="test(java.lang.String)[pri:0, instance:BoundaryTest@20de05e5]" name="test" duration-ms="6" started-at="2019-05-31T21:03:46Z" data-provider="provideFilenames" finished-at="2019-05-31T21:03:46Z">
          <params>
            <param index="0">
              <value>
                <![CDATA[11]]>
              </value>
            </param>
          </params>
          <reporter-output>
          </reporter-output>
        </test-method> <!-- test -->
        <test-method status="PASS" signature="test(java.lang.String)[pri:0, instance:BoundaryTest@20de05e5]" name="test" duration-ms="4" started-at="2019-05-31T21:03:46Z" data-provider="provideFilenames" finished-at="2019-05-31T21:03:46Z">
          <params>
            <param index="0">
              <value>
                <![CDATA[12]]>
              </value>
            </param>
          </params>
          <reporter-output>
          </reporter-output>
        </test-method> <!-- test -->
        <test-method status="PASS" signature="test(java.lang.String)[pri:0, instance:BoundaryTest@20de05e5]" name="test" duration-ms="4" started-at="2019-05-31T21:03:46Z" data-provider="provideFilenames" finished-at="2019-05-31T21:03:46Z">
          <params>
            <param index="0">
              <value>
                <![CDATA[13]]>
              </value>
            </param>
          </params>
          <reporter-output>
          </reporter-output>
        </test-method> <!-- test -->
        <test-method status="PASS" signature="test(java.lang.String)[pri:0, instance:BoundaryTest@20de05e5]" name="test" duration-ms="4" started-at="2019-05-31T21:03:46Z" data-provider="provideFilenames" finished-at="2019-05-31T21:03:46Z">
          <params>
            <param index="0">
              <value>
                <![CDATA[14]]>
              </value>
            </param>
          </params>
          <reporter-output>
          </reporter-output>
        </test-method> <!-- test -->
        <test-method status="PASS" signature="test(java.lang.String)[pri:0, instance:BoundaryTest@20de05e5]" name="test" duration-ms="8" started-at="2019-05-31T21:03:46Z" data-provider="provideFilenames" finished-at="2019-05-31T21:03:46Z">
          <params>
            <param index="0">
              <value>
                <![CDATA[15]]>
              </value>
            </param>
          </params>
          <reporter-output>
          </reporter-output>
        </test-method> <!-- test -->
        <test-method status="PASS" signature="test(java.lang.String)[pri:0, instance:BoundaryTest@20de05e5]" name="test" duration-ms="4" started-at="2019-05-31T21:03:46Z" data-provider="provideFilenames" finished-at="2019-05-31T21:03:46Z">
          <params>
            <param index="0">
              <value>
                <![CDATA[16]]>
              </value>
            </param>
          </params>
          <reporter-output>
          </reporter-output>
        </test-method> <!-- test -->
        <test-method status="PASS" signature="test(java.lang.String)[pri:0, instance:BoundaryTest@20de05e5]" name="test" duration-ms="4" started-at="2019-05-31T21:03:46Z" data-provider="provideFilenames" finished-at="2019-05-31T21:03:46Z">
          <params>
            <param index="0">
              <value>
                <![CDATA[17]]>
              </value>
            </param>
          </params>
          <reporter-output>
          </reporter-output>
        </test-method> <!-- test -->
        <test-method status="PASS" signature="test(java.lang.String)[pri:0, instance:BoundaryTest@20de05e5]" name="test" duration-ms="4" started-at="2019-05-31T21:03:46Z" data-provider="provideFilenames" finished-at="2019-05-31T21:03:46Z">
          <params>
            <param index="0">
              <value>
                <![CDATA[18]]>
              </value>
            </param>
          </params>
          <reporter-output>
          </reporter-output>
        </test-method> <!-- test -->
        <test-method status="PASS" signature="test(java.lang.String)[pri:0, instance:BoundaryTest@20de05e5]" name="test" duration-ms="3" started-at="2019-05-31T21:03:46Z" data-provider="provideFilenames" finished-at="2019-05-31T21:03:46Z">
          <params>
            <param index="0">
              <value>
                <![CDATA[19]]>
              </value>
            </param>
          </params>
          <reporter-output>
          </reporter-output>
        </test-method> <!-- test -->
        <test-method status="PASS" signature="test(java.lang.String)[pri:0, instance:BoundaryTest@20de05e5]" name="test" duration-ms="4" started-at="2019-05-31T21:03:46Z" data-provider="provideFilenames" finished-at="2019-05-31T21:03:46Z">
          <params>
            <param index="0">
              <value>
                <![CDATA[20]]>
              </value>
            </param>
          </params>
          <reporter-output>
          </reporter-output>
        </test-method> <!-- test -->
        <test-method status="PASS" signature="test(java.lang.String)[pri:0, instance:BoundaryTest@20de05e5]" name="test" duration-ms="7" started-at="2019-05-31T21:03:46Z" data-provider="provideFilenames" finished-at="2019-05-31T21:03:46Z">
          <params>
            <param index="0">
              <value>
                <![CDATA[21]]>
              </value>
            </param>
          </params>
          <reporter-output>
          </reporter-output>
        </test-method> <!-- test -->
        <test-method status="PASS" signature="test(java.lang.String)[pri:0, instance:BoundaryTest@20de05e5]" name="test" duration-ms="3" started-at="2019-05-31T21:03:46Z" data-provider="provideFilenames" finished-at="2019-05-31T21:03:46Z">
          <params>
            <param index="0">
              <value>
                <![CDATA[22]]>
              </value>
            </param>
          </params>
          <reporter-output>
          </reporter-output>
        </test-method> <!-- test -->
        <test-method status="PASS" signature="test(java.lang.String)[pri:0, instance:BoundaryTest@20de05e5]" name="test" duration-ms="3" started-at="2019-05-31T21:03:46Z" data-provider="provideFilenames" finished-at="2019-05-31T21:03:46Z">
          <params>
            <param index="0">
              <value>
                <![CDATA[23]]>
              </value>
            </param>
          </params>
          <reporter-output>
          </reporter-output>
        </test-method> <!-- test -->
        <test-method status="PASS" signature="test(java.lang.String)[pri:0, instance:BoundaryTest@20de05e5]" name="test" duration-ms="3" started-at="2019-05-31T21:03:46Z" data-provider="provideFilenames" finished-at="2019-05-31T21:03:46Z">
          <params>
            <param index="0">
              <value>
                <![CDATA[24]]>
              </value>
            </param>
          </params>
          <reporter-output>
          </reporter-output>
        </test-method> <!-- test -->
        <test-method status="PASS" signature="test(java.lang.String)[pri:0, instance:BoundaryTest@20de05e5]" name="test" duration-ms="4" started-at="2019-05-31T21:03:46Z" data-provider="provideFilenames" finished-at="2019-05-31T21:03:46Z">
          <params>
            <param index="0">
              <value>
                <![CDATA[25]]>
              </value>
            </param>
          </params>
          <reporter-output>
          </reporter-output>
        </test-method> <!-- test -->
        <test-method status="PASS" signature="test(java.lang.String)[pri:0, instance:BoundaryTest@20de05e5]" name="test" duration-ms="4" started-at="2019-05-31T21:03:46Z" data-provider="provideFilenames" finished-at="2019-05-31T21:03:46Z">
          <params>
            <param index="0">
              <value>
                <![CDATA[26]]>
              </value>
            </param>
          </params>
          <reporter-output>
          </reporter-output>
        </test-method> <!-- test -->
        <test-method status="PASS" signature="test(java.lang.String)[pri:0, instance:BoundaryTest@20de05e5]" name="test" duration-ms="5" started-at="2019-05-31T21:03:46Z" data-provider="provideFilenames" finished-at="2019-05-31T21:03:46Z">
          <params>
            <param index="0">
              <value>
                <![CDATA[27]]>
              </value>
            </param>
          </params>
          <reporter-output>
          </reporter-output>
        </test-method> <!-- test -->
        <test-method status="PASS" signature="test(java.lang.String)[pri:0, instance:BoundaryTest@20de05e5]" name="test" duration-ms="3" started-at="2019-05-31T21:03:46Z" data-provider="provideFilenames" finished-at="2019-05-31T21:03:46Z">
          <params>
            <param index="0">
              <value>
                <![CDATA[28]]>
              </value>
            </param>
          </params>
          <reporter-output>
          </reporter-output>
        </test-method> <!-- test -->
        <test-method status="PASS" signature="test(java.lang.String)[pri:0, instance:BoundaryTest@20de05e5]" name="test" duration-ms="12" started-at="2019-05-31T21:03:46Z" data-provider="provideFilenames" finished-at="2019-05-31T21:03:46Z">
          <params>
            <param index="0">
              <value>
                <![CDATA[29]]>
              </value>
            </param>
          </params>
          <reporter-output>
          </reporter-output>
        </test-method> <!-- test -->
        <test-method status="PASS" signature="test(java.lang.String)[pri:0, instance:BoundaryTest@20de05e5]" name="test" duration-ms="6" started-at="2019-05-31T21:03:46Z" data-provider="provideFilenames" finished-at="2019-05-31T21:03:46Z">
          <params>
            <param index="0">
              <value>
                <![CDATA[30]]>
              </value>
            </param>
          </params>
          <reporter-output>
          </reporter-output>
        </test-method> <!-- test -->
        <test-method status="PASS" signature="test(java.lang.String)[pri:0, instance:BoundaryTest@20de05e5]" name="test" duration-ms="9" started-at="2019-05-31T21:03:46Z" data-provider="provideFilenames" finished-at="2019-05-31T21:03:46Z">
          <params>
            <param index="0">
              <value>
                <![CDATA[31]]>
              </value>
            </param>
          </params>
          <reporter-output>
          </reporter-output>
        </test-method> <!-- test -->
        <test-method status="PASS" signature="test(java.lang.String)[pri:0, instance:BoundaryTest@20de05e5]" name="test" duration-ms="5" started-at="2019-05-31T21:03:46Z" data-provider="provideFilenames" finished-at="2019-05-31T21:03:46Z">
          <params>
            <param index="0">
              <value>
                <![CDATA[32]]>
              </value>
            </param>
          </params>
          <reporter-output>
          </reporter-output>
        </test-method> <!-- test -->
        <test-method status="PASS" signature="test(java.lang.String)[pri:0, instance:BoundaryTest@20de05e5]" name="test" duration-ms="4" started-at="2019-05-31T21:03:46Z" data-provider="provideFilenames" finished-at="2019-05-31T21:03:46Z">
          <params>
            <param index="0">
              <value>
                <![CDATA[33]]>
              </value>
            </param>
          </params>
          <reporter-output>
          </reporter-output>
        </test-method> <!-- test -->
        <test-method status="PASS" signature="test(java.lang.String)[pri:0, instance:BoundaryTest@20de05e5]" name="test" duration-ms="2" started-at="2019-05-31T21:03:46Z" data-provider="provideFilenames" finished-at="2019-05-31T21:03:46Z">
          <params>
            <param index="0">
              <value>
                <![CDATA[34]]>
              </value>
            </param>
          </params>
          <reporter-output>
          </reporter-output>
        </test-method> <!-- test -->
        <test-method status="PASS" signature="test(java.lang.String)[pri:0, instance:BoundaryTest@20de05e5]" name="test" duration-ms="2" started-at="2019-05-31T21:03:46Z" data-provider="provideFilenames" finished-at="2019-05-31T21:03:46Z">
          <params>
            <param index="0">
              <value>
                <![CDATA[35]]>
              </value>
            </param>
          </params>
          <reporter-output>
          </reporter-output>
        </test-method> <!-- test -->
        <test-method status="PASS" signature="test(java.lang.String)[pri:0, instance:BoundaryTest@20de05e5]" name="test" duration-ms="2" started-at="2019-05-31T21:03:46Z" data-provider="provideFilenames" finished-at="2019-05-31T21:03:46Z">
          <params>
            <param index="0">
              <value>
                <![CDATA[36]]>
              </value>
            </param>
          </params>
          <reporter-output>
          </reporter-output>
        </test-method> <!-- test -->
        <test-method status="PASS" signature="test(java.lang.String)[pri:0, instance:BoundaryTest@20de05e5]" name="test" duration-ms="7" started-at="2019-05-31T21:03:46Z" data-provider="provideFilenames" finished-at="2019-05-31T21:03:46Z">
          <params>
            <param index="0">
              <value>
                <![CDATA[37]]>
              </value>
            </param>
          </params>
          <reporter-output>
          </reporter-output>
        </test-method> <!-- test -->
        <test-method status="PASS" signature="test(java.lang.String)[pri:0, instance:BoundaryTest@20de05e5]" name="test" duration-ms="5" started-at="2019-05-31T21:03:46Z" data-provider="provideFilenames" finished-at="2019-05-31T21:03:46Z">
          <params>
            <param index="0">
              <value>
                <![CDATA[38]]>
              </value>
            </param>
          </params>
          <reporter-output>
          </reporter-output>
        </test-method> <!-- test -->
        <test-method status="PASS" signature="test(java.lang.String)[pri:0, instance:BoundaryTest@20de05e5]" name="test" duration-ms="7" started-at="2019-05-31T21:03:46Z" data-provider="provideFilenames" finished-at="2019-05-31T21:03:46Z">
          <params>
            <param index="0">
              <value>
                <![CDATA[39]]>
              </value>
            </param>
          </params>
          <reporter-output>
          </reporter-output>
        </test-method> <!-- test -->
        <test-method status="PASS" signature="test(java.lang.String)[pri:0, instance:BoundaryTest@20de05e5]" name="test" duration-ms="5" started-at="2019-05-31T21:03:46Z" data-provider="provideFilenames" finished-at="2019-05-31T21:03:46Z">
          <params>
            <param index="0">
              <value>
                <![CDATA[40]]>
              </value>
            </param>
          </params>
          <reporter-output>
          </reporter-output>
        </test-method> <!-- test -->
      </class> <!-- BoundaryTest -->
    </test> <!-- Default test -->
  </suite> <!-- Default suite -->
</testng-results>
