<?xml version="1.0" encoding="UTF-8"?>
<testng-results skipped="0" failed="0" ignored="0" total="9" passed="9">
  <reporter-output>
  </reporter-output>
  <suite name="Default suite" duration-ms="82" started-at="2019-05-31T09:23:55Z" finished-at="2019-05-31T09:23:55Z">
    <groups>
    </groups>
    <test name="Default test" duration-ms="82" started-at="2019-05-31T09:23:55Z" finished-at="2019-05-31T09:23:55Z">
      <class name="PartitioningTest">
        <test-method status="PASS" signature="test(java.lang.String)[pri:0, instance:PartitioningTest@3a82f6ef]" name="test" duration-ms="13" started-at="2019-05-31T09:23:55Z" data-provider="provideFilenames" finished-at="2019-05-31T09:23:55Z">
          <params>
            <param index="0">
              <value>
                <![CDATA[1]]>
              </value>
            </param>
          </params>
          <reporter-output>
          </reporter-output>
        </test-method> <!-- test -->
        <test-method status="PASS" signature="test(java.lang.String)[pri:0, instance:PartitioningTest@3a82f6ef]" name="test" duration-ms="2" started-at="2019-05-31T09:23:55Z" data-provider="provideFilenames" finished-at="2019-05-31T09:23:55Z">
          <params>
            <param index="0">
              <value>
                <![CDATA[2]]>
              </value>
            </param>
          </params>
          <reporter-output>
          </reporter-output>
        </test-method> <!-- test -->
        <test-method status="PASS" signature="test(java.lang.String)[pri:0, instance:PartitioningTest@3a82f6ef]" name="test" duration-ms="4" started-at="2019-05-31T09:23:55Z" data-provider="provideFilenames" finished-at="2019-05-31T09:23:55Z">
          <params>
            <param index="0">
              <value>
                <![CDATA[3]]>
              </value>
            </param>
          </params>
          <reporter-output>
          </reporter-output>
        </test-method> <!-- test -->
        <test-method status="PASS" signature="test(java.lang.String)[pri:0, instance:PartitioningTest@3a82f6ef]" name="test" duration-ms="4" started-at="2019-05-31T09:23:55Z" data-provider="provideFilenames" finished-at="2019-05-31T09:23:55Z">
          <params>
            <param index="0">
              <value>
                <![CDATA[4]]>
              </value>
            </param>
          </params>
          <reporter-output>
          </reporter-output>
        </test-method> <!-- test -->
        <test-method status="PASS" signature="test(java.lang.String)[pri:0, instance:PartitioningTest@3a82f6ef]" name="test" duration-ms="7" started-at="2019-05-31T09:23:55Z" data-provider="provideFilenames" finished-at="2019-05-31T09:23:55Z">
          <params>
            <param index="0">
              <value>
                <![CDATA[5]]>
              </value>
            </param>
          </params>
          <reporter-output>
          </reporter-output>
        </test-method> <!-- test -->
        <test-method status="PASS" signature="test(java.lang.String)[pri:0, instance:PartitioningTest@3a82f6ef]" name="test" duration-ms="6" started-at="2019-05-31T09:23:55Z" data-provider="provideFilenames" finished-at="2019-05-31T09:23:55Z">
          <params>
            <param index="0">
              <value>
                <![CDATA[6]]>
              </value>
            </param>
          </params>
          <reporter-output>
          </reporter-output>
        </test-method> <!-- test -->
        <test-method status="PASS" signature="test(java.lang.String)[pri:0, instance:PartitioningTest@3a82f6ef]" name="test" duration-ms="6" started-at="2019-05-31T09:23:55Z" data-provider="provideFilenames" finished-at="2019-05-31T09:23:55Z">
          <params>
            <param index="0">
              <value>
                <![CDATA[7]]>
              </value>
            </param>
          </params>
          <reporter-output>
          </reporter-output>
        </test-method> <!-- test -->
        <test-method status="PASS" signature="test(java.lang.String)[pri:0, instance:PartitioningTest@3a82f6ef]" name="test" duration-ms="3" started-at="2019-05-31T09:23:55Z" data-provider="provideFilenames" finished-at="2019-05-31T09:23:55Z">
          <params>
            <param index="0">
              <value>
                <![CDATA[8]]>
              </value>
            </param>
          </params>
          <reporter-output>
          </reporter-output>
        </test-method> <!-- test -->
        <test-method status="PASS" signature="test(java.lang.String)[pri:0, instance:PartitioningTest@3a82f6ef]" name="test" duration-ms="10" started-at="2019-05-31T09:23:55Z" data-provider="provideFilenames" finished-at="2019-05-31T09:23:55Z">
          <params>
            <param index="0">
              <value>
                <![CDATA[9]]>
              </value>
            </param>
          </params>
          <reporter-output>
          </reporter-output>
        </test-method> <!-- test -->
      </class> <!-- PartitioningTest -->
    </test> <!-- Default test -->
  </suite> <!-- Default suite -->
</testng-results>
