<?xml version="1.0" encoding="UTF-8"?>
<!-- Generated by org.testng.reporters.JUnitXMLReporter -->
<testsuite hostname="DESKTOP-74MTSU9" ignored="0" tests="9" failures="0" timestamp="31 mai 2019 09:23:55 GMT" time="0.082" errors="0">
  <testcase name="test" time="0.013" classname="PartitioningTest"/>
  <testcase name="test" time="0.002" classname="PartitioningTest"/>
  <testcase name="test" time="0.004" classname="PartitioningTest"/>
  <testcase name="test" time="0.004" classname="PartitioningTest"/>
  <testcase name="test" time="0.007" classname="PartitioningTest"/>
  <testcase name="test" time="0.006" classname="PartitioningTest"/>
  <testcase name="test" time="0.006" classname="PartitioningTest"/>
  <testcase name="test" time="0.003" classname="PartitioningTest"/>
  <testcase name="test" time="0.01" classname="PartitioningTest"/>
</testsuite>
